[debug] [2025-11-27T07:46:44.191Z] ----------------------------------------------------------------------
[debug] [2025-11-27T07:46:44.196Z] Command:       /home/aravind/.nvm/versions/node/v24.8.0/bin/node /home/aravind/.nvm/versions/node/v24.8.0/bin/firebase init firestore
[debug] [2025-11-27T07:46:44.196Z] CLI Version:   14.25.0
[debug] [2025-11-27T07:46:44.197Z] Platform:      linux
[debug] [2025-11-27T07:46:44.197Z] Node Version:  v24.8.0
[debug] [2025-11-27T07:46:44.197Z] Time:          Thu Nov 27 2025 13:16:44 GMT+0530 (India Standard Time)
[debug] [2025-11-27T07:46:44.197Z] ----------------------------------------------------------------------
[debug] 
[debug] [2025-11-27T07:46:44.201Z] >>> [apiv2][query] GET https://firebase-public.firebaseio.com/cli.json [none]
[info] 
     ######## #### ########  ######## ########     ###     ######  ########
     ##        ##  ##     ## ##       ##     ##  ##   ##  ##       ##
     ######    ##  ########  ######   ########  #########  ######  ######
     ##        ##  ##    ##  ##       ##     ## ##     ##       ## ##
     ##       #### ##     ## ######## ########  ##     ##  ######  ########

You're about to initialize a Firebase project in this directory:

  /home/aravind/Attendance

[info] 
=== Project Setup
[info] 
[info] First, let's associate this project directory with a Firebase project.
[info] You can create multiple project aliases by running firebase use --add, 
[info] 
[debug] [2025-11-27T07:46:45.216Z] <<< [apiv2][status] GET https://firebase-public.firebaseio.com/cli.json 200
[debug] [2025-11-27T07:46:45.217Z] <<< [apiv2][body] GET https://firebase-public.firebaseio.com/cli.json {"cloudBuildErrorAfter":1594252800000,"cloudBuildWarnAfter":1590019200000,"defaultNode10After":1594252800000,"minVersion":"3.0.5","node8DeploysDisabledAfter":1613390400000,"node8RuntimeDisabledAfter":1615809600000,"node8WarnAfter":1600128000000}
[debug] [2025-11-27T07:46:51.510Z] > command requires scopes: ["email","openid","https://www.googleapis.com/auth/cloudplatformprojects.readonly","https://www.googleapis.com/auth/firebase","https://www.googleapis.com/auth/cloud-platform"]
[debug] [2025-11-27T07:46:51.511Z] > authorizing via signed-in user (aravindhari1718@gmail.com)
[debug] [2025-11-27T07:46:51.512Z] Checked if tokens are valid: false, expires at: 1763101412583
[debug] [2025-11-27T07:46:51.513Z] Checked if tokens are valid: false, expires at: 1763101412583
[debug] [2025-11-27T07:46:51.513Z] > refreshing access token with scopes: []
[debug] [2025-11-27T07:46:51.515Z] >>> [apiv2][query] POST https://www.googleapis.com/oauth2/v3/token [none]
[debug] [2025-11-27T07:46:51.515Z] >>> [apiv2][body] POST https://www.googleapis.com/oauth2/v3/token [omitted]
[debug] [2025-11-27T07:46:56.884Z] <<< [apiv2][status] POST https://www.googleapis.com/oauth2/v3/token 200
[debug] [2025-11-27T07:46:56.884Z] <<< [apiv2][body] POST https://www.googleapis.com/oauth2/v3/token [omitted]
[debug] [2025-11-27T07:46:56.903Z] >>> [apiv2][query] GET https://firebase.googleapis.com/v1beta1/projects pageSize=100
[debug] [2025-11-27T07:46:57.600Z] <<< [apiv2][status] GET https://firebase.googleapis.com/v1beta1/projects 200
[debug] [2025-11-27T07:46:57.600Z] <<< [apiv2][body] GET https://firebase.googleapis.com/v1beta1/projects [omitted]
[debug] [2025-11-27T07:47:14.391Z] ExitPromptError: User force closed the prompt with SIGINT
    at Interface.sigint (/home/aravind/.nvm/versions/node/v24.8.0/lib/node_modules/firebase-tools/node_modules/@inquirer/core/dist/commonjs/lib/create-prompt.js:101:37)
    at Interface.emit (node:events:508:28)
    at Interface.emit (node:domain:489:12)
    at [_ttyWrite] [as _ttyWrite] (node:internal/readline/interface:1311:18)
    at ReadStream.onkeypress (node:internal/readline/interface:284:20)
    at ReadStream.emit (node:events:520:35)
    at ReadStream.emit (node:domain:489:12)
    at emitKeys (node:internal/readline/utils:371:14)
    at emitKeys.next (<anonymous>)
    at ReadStream.onData (node:internal/readline/emitKeypressEvents:64:36)
[error] 
[error] Error: An unexpected error has occurred.
[debug] [2025-11-27T07:47:18.949Z] ----------------------------------------------------------------------
[debug] [2025-11-27T07:47:18.953Z] Command:       /home/aravind/.nvm/versions/node/v24.8.0/bin/node /home/aravind/.nvm/versions/node/v24.8.0/bin/firebase init firestore
[debug] [2025-11-27T07:47:18.954Z] CLI Version:   14.25.0
[debug] [2025-11-27T07:47:18.954Z] Platform:      linux
[debug] [2025-11-27T07:47:18.954Z] Node Version:  v24.8.0
[debug] [2025-11-27T07:47:18.955Z] Time:          Thu Nov 27 2025 13:17:18 GMT+0530 (India Standard Time)
[debug] [2025-11-27T07:47:18.955Z] ----------------------------------------------------------------------
[debug] 
[info] 
     ######## #### ########  ######## ########     ###     ######  ########
     ##        ##  ##     ## ##       ##     ##  ##   ##  ##       ##
     ######    ##  ########  ######   ########  #########  ######  ######
     ##        ##  ##    ##  ##       ##     ## ##     ##       ## ##
     ##       #### ##     ## ######## ########  ##     ##  ######  ########

You're about to initialize a Firebase project in this directory:

  /home/aravind/Attendance

[info] 
=== Project Setup
[info] 
[info] First, let's associate this project directory with a Firebase project.
[info] You can create multiple project aliases by running firebase use --add, 
[info] 
[debug] [2025-11-27T07:47:27.334Z] > command requires scopes: ["email","openid","https://www.googleapis.com/auth/cloudplatformprojects.readonly","https://www.googleapis.com/auth/firebase","https://www.googleapis.com/auth/cloud-platform"]
[debug] [2025-11-27T07:47:27.335Z] > authorizing via signed-in user (aravindhari1718@gmail.com)
[debug] [2025-11-27T07:47:27.338Z] Checked if tokens are valid: true, expires at: 1764233215885
[debug] [2025-11-27T07:47:27.338Z] Checked if tokens are valid: true, expires at: 1764233215885
[debug] [2025-11-27T07:47:27.341Z] >>> [apiv2][query] GET https://firebase.googleapis.com/v1beta1/availableProjects pageSize=100
[debug] [2025-11-27T07:47:28.433Z] <<< [apiv2][status] GET https://firebase.googleapis.com/v1beta1/availableProjects 200
[debug] [2025-11-27T07:47:28.433Z] <<< [apiv2][body] GET https://firebase.googleapis.com/v1beta1/availableProjects [omitted]
[debug] [2025-11-27T07:47:38.353Z] ExitPromptError: User force closed the prompt with SIGINT
    at Interface.sigint (/home/aravind/.nvm/versions/node/v24.8.0/lib/node_modules/firebase-tools/node_modules/@inquirer/core/dist/commonjs/lib/create-prompt.js:101:37)
    at Interface.emit (node:events:508:28)
    at Interface.emit (node:domain:489:12)
    at [_ttyWrite] [as _ttyWrite] (node:internal/readline/interface:1311:18)
    at ReadStream.onkeypress (node:internal/readline/interface:284:20)
    at ReadStream.emit (node:events:520:35)
    at ReadStream.emit (node:domain:489:12)
    at emitKeys (node:internal/readline/utils:371:14)
    at emitKeys.next (<anonymous>)
    at ReadStream.onData (node:internal/readline/emitKeypressEvents:64:36)
[error] 
[error] Error: An unexpected error has occurred.
